@BeforeAll - one times before all tests
@BeforeEach - before each test
Initiate pressure saturation table...
External condition for one day
Athlete{id=1, idathlete=1, name='Name', surname='Surname', mass=70.0, hearthmax=188.0, easyhearthmin=0.0, easyhearthmax=0.0, marathonhearthmin=0.0, marathonhearthmax=0.0, thresholdhearthmin=0.0, thresholdhearthmax=0.0, repetitionhearthmin=0.0, repetitionhearthmax=0.0, intervalhearthmin=0.0, intervalhearthmax=0.0}
[Activity{id=1, latitude=48.79152, longitude=2.336916, elevation=51.6, hearthrate=121.0, timezone='2020-01-22T05:25:44Z'}, Activity{id=2, latitude=48.79155, longitude=2.336947, elevation=51.6, hearthrate=121.0, timezone='2020-01-22T05:25:45Z'}, Activity{id=3, latitude=48.791576, longitude=2.336977, elevation=51.6, hearthrate=121.0, timezone='2020-01-22T05:25:46Z'}]
[PowerActivity{id=1, idathlete=1, idpoweractivity=1, power=265.91632, speed=3.6958246, hearthrate=121.0, distance=7.778759, pace=4.509594, timezone=2.0, date=22 JANUARY 2020, time=5:25}]
@AfterEach - end of test...
@BeforeEach - before each test
External condition for other day
[Activity{id=4, latitude=48.79152, longitude=2.336916, elevation=51.6, hearthrate=121.0, timezone='2020-01-22T05:25:44Z'}, Activity{id=5, latitude=48.79155, longitude=2.336947, elevation=51.6, hearthrate=121.0, timezone='2020-01-22T05:25:45Z'}, Activity{id=6, latitude=48.791576, longitude=2.336977, elevation=51.6, hearthrate=121.0, timezone='2020-01-22T05:25:46Z'}]
[PowerActivity{id=2, idathlete=1, idpoweractivity=2, power=357.7005, speed=3.6958246, hearthrate=121.0, distance=7.778759, pace=4.509594, timezone=2.0, date=22 JANUARY 2020, time=5:25}]
@AfterEach - end of test...
@AfterAll - all tests done
@BeforeAll - one times before all tests
@BeforeEach - before each test
Initiate pressure saturation table...
External condition for one day
temperature Kelvin 291.15
pressure Saturation 2063.0
humidty 70.0
pressure atm 100000.0
calculate ...
mass Volumic 1.1899658
mass Volumic fromActivityToPowerActivityService 1.1899658
@AfterEach - end of test...
@AfterAll - all tests done
@BeforeAll - one times before all tests
@BeforeEach - before each test
Pressure saturation
PressureSaturation{id=1, temperature=18.0, pressure=2063.0}
@AfterEach - end of test...
@AfterAll - all tests done
@BeforeAll - one times before all tests
@BeforeEach - before each test
@AfterEach - end of test...
@AfterAll - all tests done
@BeforeAll - one times before all tests
@BeforeEach - before each test
create data for PoxerActivity with seven ...
[PowerActivity{id=1, idathlete=1, idpoweractivity=1, power=180.0, speed=3.0, hearthrate=145.0, distance=1.0, pace=6.0, timezone=1.0, date=null, time=null}, PowerActivity{id=2, idathlete=1, idpoweractivity=1, power=181.0, speed=4.0, hearthrate=145.0, distance=2.0, pace=6.0, timezone=2.0, date=null, time=null}, PowerActivity{id=3, idathlete=1, idpoweractivity=1, power=182.0, speed=3.0, hearthrate=144.0, distance=3.0, pace=6.0, timezone=3.0, date=null, time=null}, PowerActivity{id=4, idathlete=1, idpoweractivity=1, power=183.0, speed=4.0, hearthrate=145.0, distance=4.0, pace=6.0, timezone=4.0, date=null, time=null}, PowerActivity{id=5, idathlete=1, idpoweractivity=1, power=184.0, speed=4.0, hearthrate=143.0, distance=5.0, pace=6.0, timezone=5.0, date=null, time=null}, PowerActivity{id=6, idathlete=1, idpoweractivity=1, power=185.0, speed=3.0, hearthrate=144.0, distance=6.0, pace=6.0, timezone=6.0, date=null, time=null}, PowerActivity{id=7, idathlete=1, idpoweractivity=1, power=186.0, speed=3.0, hearthrate=145.0, distance=7.0, pace=6.0, timezone=7.0, date=null, time=null}]
StatisticsActivity{id=1, idathlete=1, idpoweractivity=1, poweraverage=183.5, powermedian=183.0, deviation=1.7078252, powerscore=0.4269563, nbrofeasy=0, nbrofmarathon=0, nbrofthreshold=0, nbrofinterval=0, nbrofrepetition=0, date='null', powerfirstquartil=183.0', deltafirstquartil=0.0', pwoerthirdquartil=185.0', deltathirdquartil=2.0'}
@AfterEach - end of test...
@BeforeEach - before each test
create data for PoxerActivity with eight elements...
[PowerActivity{id=8, idathlete=1, idpoweractivity=2, power=180.0, speed=3.0, hearthrate=145.0, distance=1.0, pace=6.0, timezone=1.0, date=null, time=null}, PowerActivity{id=9, idathlete=1, idpoweractivity=2, power=186.0, speed=4.0, hearthrate=145.0, distance=2.0, pace=6.0, timezone=2.0, date=null, time=null}, PowerActivity{id=10, idathlete=1, idpoweractivity=2, power=185.0, speed=3.0, hearthrate=144.0, distance=3.0, pace=6.0, timezone=3.0, date=null, time=null}, PowerActivity{id=11, idathlete=1, idpoweractivity=2, power=183.0, speed=4.0, hearthrate=145.0, distance=4.0, pace=6.0, timezone=4.0, date=null, time=null}, PowerActivity{id=12, idathlete=1, idpoweractivity=2, power=182.0, speed=4.0, hearthrate=143.0, distance=5.0, pace=6.0, timezone=5.0, date=null, time=null}, PowerActivity{id=13, idathlete=1, idpoweractivity=2, power=181.0, speed=3.0, hearthrate=144.0, distance=6.0, pace=6.0, timezone=6.0, date=null, time=null}, PowerActivity{id=14, idathlete=1, idpoweractivity=2, power=184.0, speed=3.0, hearthrate=145.0, distance=7.0, pace=6.0, timezone=7.0, date=null, time=null}, PowerActivity{id=15, idathlete=1, idpoweractivity=2, power=187.0, speed=3.0, hearthrate=145.0, distance=8.0, pace=6.0, timezone=8.0, date=null, time=null}]
StatisticsActivity{id=2, idathlete=1, idpoweractivity=2, poweraverage=184.0, powermedian=184.0, deviation=2.0, powerscore=0.0, nbrofeasy=0, nbrofmarathon=0, nbrofthreshold=0, nbrofinterval=0, nbrofrepetition=0, date='null', powerfirstquartil=183.0', deltafirstquartil=1.0', pwoerthirdquartil=186.0', deltathirdquartil=2.0'}
@AfterEach - end of test...
@AfterAll - all tests done
